[    0.000000] Linux version 4.15.0-187-generic (buildd@lcy02-amd64-046) (gcc version 7.5.0 (Ubuntu 7.5.0-3ubuntu1~18.04)) #198-Ubuntu SMP Tue Jun 14 03:23:51 UTC 2022 (Ubuntu 4.15.0-187.198-generic 4.15.18)
[    0.000000] Command line: BOOT_IMAGE=/boot/vmlinuz-4.15.0-187-generic root=LABEL=cloudimg-rootfs ro console=tty1 console=ttyS0
[    0.000000] KERNEL supported cpus:
[    0.000000]   Intel GenuineIntel
[    0.000000]   AMD AuthenticAMD
[    0.000000]   Centaur CentaurHauls
[    0.000000] x86/fpu: Supporting XSAVE feature 0x001: 'x87 floating point registers'
[    0.000000] x86/fpu: Supporting XSAVE feature 0x002: 'SSE registers'
[    0.000000] x86/fpu: Supporting XSAVE feature 0x004: 'AVX registers'
[    0.000000] x86/fpu: xstate_offset[2]:  576, xstate_sizes[2]:  256
[    0.000000] x86/fpu: Enabled xstate features 0x7, context size is 832 bytes, using 'standard' format.
[    0.000000] e820: BIOS-provided physical RAM map:
[    0.000000] BIOS-e820: [mem 0x0000000000000000-0x000000000009fbff] usable
[    0.000000] BIOS-e820: [mem 0x000000000009fc00-0x000000000009ffff] reserved
[    0.000000] BIOS-e820: [mem 0x00000000000f0000-0x00000000000fffff] reserved
[    0.000000] BIOS-e820: [mem 0x0000000000100000-0x000000001ffeffff] usable
[    0.000000] BIOS-e820: [mem 0x000000001fff0000-0x000000001fffffff] ACPI data
[    0.000000] BIOS-e820: [mem 0x00000000fec00000-0x00000000fec00fff] reserved
[    0.000000] BIOS-e820: [mem 0x00000000fee00000-0x00000000fee00fff] reserved
[    0.000000] BIOS-e820: [mem 0x00000000fffc0000-0x00000000ffffffff] reserved
[    0.000000] NX (Execute Disable) protection: active
[    0.000000] SMBIOS 2.5 present.
[    0.000000] DMI: innotek GmbH VirtualBox/VirtualBox, BIOS VirtualBox 12/01/2006
[    0.000000] Hypervisor detected: KVM
[    0.000000] e820: last_pfn = 0x1fff0 max_arch_pfn = 0x400000000
[    0.000000] MTRR: Disabled
[    0.000000] x86/PAT: MTRRs disabled, skipping PAT initialization too.
[    0.000000] CPU MTRRs all blank - virtualized system.
[    0.000000] x86/PAT: Configuration [0-7]: WB  WT  UC- UC  WB  WT  UC- UC  
[    0.000000] found SMP MP-table at [mem 0x0009fff0-0x0009ffff]
[    0.000000] Scanning 1 areas for low memory corruption
[    0.000000] RAMDISK: [mem 0x1db3f000-0x1ee51fff]
[    0.000000] ACPI: Early table checksum verification disabled
[    0.000000] ACPI: RSDP 0x00000000000E0000 000024 (v02 VBOX  )
[    0.000000] ACPI: XSDT 0x000000001FFF0030 00003C (v01 VBOX   VBOXXSDT 00000001 ASL  00000061)
[    0.000000] ACPI: FACP 0x000000001FFF00F0 0000F4 (v04 VBOX   VBOXFACP 00000001 ASL  00000061)
[    0.000000] ACPI: DSDT 0x000000001FFF0470 002325 (v02 VBOX   VBOXBIOS 00000002 INTL 20100528)
[    0.000000] ACPI: FACS 0x000000001FFF0200 000040
[    0.000000] ACPI: FACS 0x000000001FFF0200 000040
[    0.000000] ACPI: APIC 0x000000001FFF0240 00005C (v02 VBOX   VBOXAPIC 00000001 ASL  00000061)
[    0.000000] ACPI: SSDT 0x000000001FFF02A0 0001CC (v01 VBOX   VBOXCPUT 00000002 INTL 20100528)
[    0.000000] ACPI: Reserving FACP table memory at [mem 0x1fff00f0-0x1fff01e3]
[    0.000000] ACPI: Reserving DSDT table memory at [mem 0x1fff0470-0x1fff2794]
[    0.000000] ACPI: Reserving FACS table memory at [mem 0x1fff0200-0x1fff023f]
[    0.000000] ACPI: Reserving FACS table memory at [mem 0x1fff0200-0x1fff023f]
[    0.000000] ACPI: Reserving APIC table memory at [mem 0x1fff0240-0x1fff029b]
[    0.000000] ACPI: Reserving SSDT table memory at [mem 0x1fff02a0-0x1fff046b]
[    0.000000] No NUMA configuration found
[    0.000000] Faking a node at [mem 0x0000000000000000-0x000000001ffeffff]
[    0.000000] NODE_DATA(0) allocated [mem 0x1ffc5000-0x1ffeffff]
[    0.000000] kvm-clock: cpu 0, msr 0:1ff44001, primary cpu clock
[    0.000000] kvm-clock: Using msrs 4b564d01 and 4b564d00
[    0.000000] kvm-clock: using sched offset of 3593207997 cycles
[    0.000000] clocksource: kvm-clock: mask: 0xffffffffffffffff max_cycles: 0x1cd42e4dffb, max_idle_ns: 881590591483 ns
[    0.000000] Zone ranges:
[    0.000000]   DMA      [mem 0x0000000000001000-0x0000000000ffffff]
[    0.000000]   DMA32    [mem 0x0000000001000000-0x000000001ffeffff]
[    0.000000]   Normal   empty
[    0.000000]   Device   empty
[    0.000000] Movable zone start for each node
[    0.000000] Early memory node ranges
[    0.000000]   node   0: [mem 0x0000000000001000-0x000000000009efff]
[    0.000000]   node   0: [mem 0x0000000000100000-0x000000001ffeffff]
[    0.000000] Reserved but unavailable: 104 pages
[    0.000000] Initmem setup node 0 [mem 0x0000000000001000-0x000000001ffeffff]
[    0.000000] ACPI: PM-Timer IO Port: 0x4008
[    0.000000] IOAPIC[0]: apic_id 2, version 32, address 0xfec00000, GSI 0-23
[    0.000000] ACPI: INT_SRC_OVR (bus 0 bus_irq 0 global_irq 2 dfl dfl)
[    0.000000] ACPI: INT_SRC_OVR (bus 0 bus_irq 9 global_irq 9 low level)
[    0.000000] Using ACPI (MADT) for SMP configuration information
[    0.000000] smpboot: Allowing 2 CPUs, 0 hotplug CPUs
[    0.000000] PM: Registered nosave memory: [mem 0x00000000-0x00000fff]
[    0.000000] PM: Registered nosave memory: [mem 0x0009f000-0x0009ffff]
[    0.000000] PM: Registered nosave memory: [mem 0x000a0000-0x000effff]
[    0.000000] PM: Registered nosave memory: [mem 0x000f0000-0x000fffff]
[    0.000000] e820: [mem 0x20000000-0xfebfffff] available for PCI devices
[    0.000000] Booting paravirtualized kernel on KVM
[    0.000000] clocksource: refined-jiffies: mask: 0xffffffff max_cycles: 0xffffffff, max_idle_ns: 7645519600211568 ns
[    0.000000] random: get_random_bytes called from start_kernel+0x99/0x500 with crng_init=0
[    0.000000] setup_percpu: NR_CPUS:8192 nr_cpumask_bits:2 nr_cpu_ids:2 nr_node_ids:1
[    0.000000] percpu: Embedded 50 pages/cpu s167936 r8192 d28672 u1048576
[    0.000000] PV qspinlock hash table entries: 256 (order: 0, 4096 bytes)
[    0.000000] Built 1 zonelists, mobility grouping on.  Total pages: 128889
[    0.000000] Policy zone: DMA32
[    0.000000] Kernel command line: BOOT_IMAGE=/boot/vmlinuz-4.15.0-187-generic root=LABEL=cloudimg-rootfs ro console=tty1 console=ttyS0
[    0.000000] Memory: 466548K/523832K available (12300K kernel code, 2484K rwdata, 4324K rodata, 2468K init, 2724K bss, 57284K reserved, 0K cma-reserved)
[    0.000000] SLUB: HWalign=64, Order=0-3, MinObjects=0, CPUs=2, Nodes=1
[    0.000000] Kernel/User page tables isolation: enabled
[    0.000000] ftrace: allocating 39513 entries in 155 pages
[    0.004000] Hierarchical RCU implementation.
[    0.004000] 	RCU restricting CPUs from NR_CPUS=8192 to nr_cpu_ids=2.
[    0.004000] 	Tasks RCU enabled.
[    0.004000] RCU: Adjusting geometry for rcu_fanout_leaf=16, nr_cpu_ids=2
[    0.004000] NR_IRQS: 524544, nr_irqs: 440, preallocated irqs: 16
[    0.004000] Console: colour VGA+ 80x25
[    0.004000] console [tty1] enabled
[    0.004000] console [ttyS0] enabled
[    0.004000] ACPI: Core revision 20170831
[    0.004000] ACPI: 2 ACPI AML tables successfully acquired and loaded
[    0.004000] APIC: Switch to symmetric I/O mode setup
[    0.004000] x2apic enabled
[    0.004000] Switched APIC routing to physical x2apic.
[    0.004000] ..TIMER: vector=0x30 apic1=0 pin1=2 apic2=-1 pin2=-1
[    0.004004] tsc: Detected 2591.996 MHz processor
[    0.004761] Calibrating delay loop (skipped) preset value.. 5183.99 BogoMIPS (lpj=10367984)
[    0.005313] pid_max: default: 32768 minimum: 301
[    0.006016] Security Framework initialized
[    0.006699] Yama: becoming mindful.
[    0.008020] AppArmor: AppArmor initialized
[    0.008688] Dentry cache hash table entries: 65536 (order: 7, 524288 bytes)
[    0.009703] Inode-cache hash table entries: 32768 (order: 6, 262144 bytes)
[    0.010818] Mount-cache hash table entries: 1024 (order: 1, 8192 bytes)
[    0.011760] Mountpoint-cache hash table entries: 1024 (order: 1, 8192 bytes)
[    0.012206] Last level iTLB entries: 4KB 64, 2MB 8, 4MB 8
[    0.012913] Last level dTLB entries: 4KB 64, 2MB 0, 4MB 0, 1GB 4
[    0.013727] Spectre V1 : Mitigation: usercopy/swapgs barriers and __user pointer sanitization
[    0.016002] Spectre V2 : Mitigation: Retpolines
[    0.016606] Spectre V2 : Spectre v2 / SpectreRSB mitigation: Filling RSB on context switch
[    0.017665] Speculative Store Bypass: Vulnerable
[    0.018371] MDS: Mitigation: Clear CPU buffers
[    0.018956] MMIO Stale Data: Mitigation: Clear CPU buffers
[    0.020001] SRBDS: Unknown: Dependent on hypervisor status
[    0.021571] Freeing SMP alternatives memory: 36K
[    0.131726] smpboot: CPU0: Intel(R) Core(TM) i7-9750H CPU @ 2.60GHz (family: 0x6, model: 0x9e, stepping: 0xa)
[    0.132000] Performance Events: unsupported p6 CPU model 158 no PMU driver, software events only.
[    0.132000] Hierarchical SRCU implementation.
[    0.132303] NMI watchdog: Perf event create on CPU 0 failed with -2
[    0.133338] NMI watchdog: Perf NMI watchdog permanently disabled
[    0.134616] smp: Bringing up secondary CPUs ...
[    0.135290] x86: Booting SMP configuration:
[    0.135855] .... node  #0, CPUs:      #1
[    0.004000] kvm-clock: cpu 1, msr 0:1ff44041, secondary cpu clock
[    0.139357] smp: Brought up 1 node, 2 CPUs
[    0.140004] smpboot: Max logical packages: 1
[    0.140574] smpboot: Total of 2 processors activated (10367.98 BogoMIPS)
[    0.141506] devtmpfs: initialized
[    0.141506] x86/mm: Memory block size: 128MB
[    0.141506] evm: security.selinux
[    0.144002] evm: security.SMACK64
[    0.144495] evm: security.SMACK64EXEC
[    0.145004] evm: security.SMACK64TRANSMUTE
[    0.145550] evm: security.SMACK64MMAP
[    0.146057] evm: security.apparmor
[    0.146524] evm: security.ima
[    0.146987] evm: security.capability
[    0.148055] clocksource: jiffies: mask: 0xffffffff max_cycles: 0xffffffff, max_idle_ns: 7645041785100000 ns
[    0.149250] futex hash table entries: 512 (order: 3, 32768 bytes)
[    0.150622] pinctrl core: initialized pinctrl subsystem
[    0.152021] RTC time: 10:44:31, date: 09/02/22
[    0.152822] NET: Registered protocol family 16
[    0.153606] audit: initializing netlink subsys (disabled)
[    0.154492] audit: type=2000 audit(1662115477.073:1): state=initialized audit_enabled=0 res=1
[    0.154492] cpuidle: using governor ladder
[    0.156007] cpuidle: using governor menu
[    0.156575] ACPI: bus type PCI registered
[    0.157265] acpiphp: ACPI Hot Plug PCI Controller Driver version: 0.5
[    0.158236] PCI: Using configuration type 1 for base access
[    0.160691] HugeTLB registered 2.00 MiB page size, pre-allocated 0 pages
[    0.160890] ACPI: Added _OSI(Module Device)
[    0.160890] ACPI: Added _OSI(Processor Device)
[    0.161310] ACPI: Added _OSI(3.0 _SCP Extensions)
[    0.161928] ACPI: Added _OSI(Processor Aggregator Device)
[    0.164006] ACPI: Added _OSI(Linux-Dell-Video)
[    0.164667] ACPI: Added _OSI(Linux-Lenovo-NV-HDMI-Audio)
[    0.165354] ACPI: Added _OSI(Linux-HPI-Hybrid-Graphics)
[    0.166672] ACPI: Executed 1 blocks of module-level executable AML code
[    0.170306] ACPI: Interpreter enabled
[    0.170826] ACPI: (supports S0 S5)
[    0.171302] ACPI: Using IOAPIC for interrupt routing
[    0.172177] PCI: Using host bridge windows from ACPI; if necessary, use "pci=nocrs" and report a bug
[    0.173901] ACPI: Enabled 2 GPEs in block 00 to 07
[    0.182575] ACPI: PCI Root Bridge [PCI0] (domain 0000 [bus 00-ff])
[    0.184011] acpi PNP0A03:00: _OSC: OS supports [ASPM ClockPM Segments MSI]
[    0.185588] acpi PNP0A03:00: _OSC: not requesting OS control; OS requires [ExtendedConfig ASPM ClockPM MSI]
[    0.187034] acpi PNP0A03:00: fail to add MMCONFIG information, can't access extended PCI configuration space under this bridge.
[    0.188314] PCI host bridge to bus 0000:00
[    0.189018] pci_bus 0000:00: root bus resource [io  0x0000-0x0cf7 window]
[    0.189905] pci_bus 0000:00: root bus resource [io  0x0d00-0xffff window]
[    0.190943] pci_bus 0000:00: root bus resource [mem 0x000a0000-0x000bffff window]
[    0.192003] pci_bus 0000:00: root bus resource [mem 0x20000000-0xfdffffff window]
[    0.192985] pci_bus 0000:00: root bus resource [bus 00-ff]
[    0.196578] pci 0000:00:01.1: legacy IDE quirk: reg 0x10: [io  0x01f0-0x01f7]
[    0.197589] pci 0000:00:01.1: legacy IDE quirk: reg 0x14: [io  0x03f6]
[    0.198535] pci 0000:00:01.1: legacy IDE quirk: reg 0x18: [io  0x0170-0x0177]
[    0.199508] pci 0000:00:01.1: legacy IDE quirk: reg 0x1c: [io  0x0376]
[    0.209804] pci 0000:00:07.0: quirk: [io  0x4000-0x403f] claimed by PIIX4 ACPI
[    0.212012] pci 0000:00:07.0: quirk: [io  0x4100-0x410f] claimed by PIIX4 SMB
[    0.219080] ACPI: PCI Interrupt Link [LNKA] (IRQs 5 9 10 *11)
[    0.220228] ACPI: PCI Interrupt Link [LNKB] (IRQs 5 9 *10 11)
[    0.221532] ACPI: PCI Interrupt Link [LNKC] (IRQs 5 *9 10 11)
[    0.222453] ACPI: PCI Interrupt Link [LNKD] (IRQs 5 9 10 *11)
[    0.224114] SCSI subsystem initialized
[    0.224691] pci 0000:00:02.0: vgaarb: setting as boot VGA device
[    0.225369] pci 0000:00:02.0: vgaarb: VGA device added: decodes=io+mem,owns=io+mem,locks=none
[    0.226582] pci 0000:00:02.0: vgaarb: bridge control possible
[    0.228006] vgaarb: loaded
[    0.228440] ACPI: bus type USB registered
[    0.229009] usbcore: registered new interface driver usbfs
[    0.229768] usbcore: registered new interface driver hub
[    0.230482] usbcore: registered new device driver usb
[    0.231212] EDAC MC: Ver: 3.0.0
[    0.232127] PCI: Using ACPI for IRQ routing
[    0.232820] NetLabel: Initializing
[    0.233311] NetLabel:  domain hash size = 128
[    0.234168] NetLabel:  protocols = UNLABELED CIPSOv4 CALIPSO
[    0.235035] NetLabel:  unlabeled traffic allowed by default
[    0.236102] clocksource: Switched to clocksource kvm-clock
[    0.250636] VFS: Disk quotas dquot_6.6.0
[    0.251644] VFS: Dquot-cache hash table entries: 512 (order 0, 4096 bytes)
[    0.252945] AppArmor: AppArmor Filesystem Enabled
[    0.253606] pnp: PnP ACPI init
[    0.254940] pnp: PnP ACPI: found 3 devices
[    0.263964] clocksource: acpi_pm: mask: 0xffffff max_cycles: 0xffffff, max_idle_ns: 2085701024 ns
[    0.265859] NET: Registered protocol family 2
[    0.266979] IP idents hash table entries: 8192 (order: 4, 65536 bytes)
[    0.268018] TCP established hash table entries: 4096 (order: 3, 32768 bytes)
[    0.269065] TCP bind hash table entries: 4096 (order: 4, 65536 bytes)
[    0.270006] TCP: Hash tables configured (established 4096 bind 4096)
[    0.270865] UDP hash table entries: 256 (order: 1, 8192 bytes)
[    0.271686] UDP-Lite hash table entries: 256 (order: 1, 8192 bytes)
[    0.272737] NET: Registered protocol family 1
[    0.273438] pci 0000:00:00.0: Limiting direct PCI/PCI transfers
[    0.274394] pci 0000:00:01.0: Activating ISA DMA hang workarounds
[    0.275284] pci 0000:00:02.0: Video device with shadowed ROM at [mem 0x000c0000-0x000dffff]
[    0.276501] Unpacking initramfs...
[    0.554158] Freeing initrd memory: 19532K
[    0.555088] clocksource: tsc: mask: 0xffffffffffffffff max_cycles: 0x255cb30caa3, max_idle_ns: 440795217292 ns
[    0.557447] platform rtc_cmos: registered platform RTC device (no PNP device found)
[    0.558644] Scanning for low memory corruption every 60 seconds
[    0.560021] Initialise system trusted keyrings
[    0.561217] Key type blacklist registered
[    0.561882] workingset: timestamp_bits=36 max_order=17 bucket_order=0
[    0.563396] zbud: loaded
[    0.564283] squashfs: version 4.0 (2009/01/31) Phillip Lougher
[    0.565241] fuse init (API version 7.26)
[    0.567805] Key type asymmetric registered
[    0.568418] Asymmetric key parser 'x509' registered
[    0.569099] Block layer SCSI generic (bsg) driver version 0.4 loaded (major 246)
[    0.570244] io scheduler noop registered
[    0.570794] io scheduler deadline registered
[    0.571466] io scheduler cfq registered (default)
[    0.572395] ACPI: AC Adapter [AC] (on-line)
[    0.573013] input: Power Button as /devices/LNXSYSTM:00/LNXPWRBN:00/input/input0
[    0.574117] ACPI: Power Button [PWRF]
[    0.574686] input: Sleep Button as /devices/LNXSYSTM:00/LNXSLPBN:00/input/input1
[    0.575682] ACPI: Sleep Button [SLPF]
[    0.577021] ACPI: Battery Slot [BAT0] (battery present)
[    0.577936] Serial: 8250/16550 driver, 32 ports, IRQ sharing enabled
[    0.599655] 00:02: ttyS0 at I/O 0x3f8 (irq = 4, base_baud = 115200) is a 16550A
[    0.603681] Linux agpgart interface v0.103
[    0.605513] loop: module loaded
[    0.606842] scsi host0: ata_piix
[    0.607445] scsi host1: ata_piix
[    0.607933] ata1: PATA max UDMA/33 cmd 0x1f0 ctl 0x3f6 bmdma 0xd000 irq 14
[    0.608886] ata2: PATA max UDMA/33 cmd 0x170 ctl 0x376 bmdma 0xd008 irq 15
[    0.609874] tun: Universal TUN/TAP device driver, 1.6
[    0.610796] PPP generic driver version 2.4.2
[    0.611783] ehci_hcd: USB 2.0 'Enhanced' Host Controller (EHCI) Driver
[    0.612682] ehci-pci: EHCI PCI platform driver
[    0.613297] ehci-platform: EHCI generic platform driver
[    0.614025] ohci_hcd: USB 1.1 'Open' Host Controller (OHCI) Driver
[    0.614907] ohci-pci: OHCI PCI platform driver
[    0.615547] ohci-platform: OHCI generic platform driver
[    0.616270] uhci_hcd: USB Universal Host Controller Interface driver
[    0.617694] i8042: PNP: PS/2 Controller [PNP0303:PS2K,PNP0f03:PS2M] at 0x60,0x64 irq 1,12
[    0.619237] serio: i8042 KBD port at 0x60,0x64 irq 1
[    0.620090] serio: i8042 AUX port at 0x60,0x64 irq 12
[    0.620955] mousedev: PS/2 mouse device common for all mice
[    0.622434] input: AT Translated Set 2 keyboard as /devices/platform/i8042/serio0/input/input2
[    0.623724] rtc_cmos rtc_cmos: rtc core: registered rtc_cmos as rtc0
[    0.624936] rtc_cmos rtc_cmos: alarms up to one day, 114 bytes nvram
[    0.625801] i2c /dev entries driver
[    0.626334] device-mapper: uevent: version 1.0.3
[    0.627142] device-mapper: ioctl: 4.37.0-ioctl (2017-09-20) initialised: dm-devel@redhat.com
[    0.628343] ledtrig-cpu: registered to indicate activity on CPUs
[    0.629477] NET: Registered protocol family 10
[    0.632833] Segment Routing with IPv6
[    0.633616] NET: Registered protocol family 17
[    0.634749] Key type dns_resolver registered
[    0.635787] mce: Using 0 MCE banks
[    0.636298] RAS: Correctable Errors collector initialized.
[    0.637287] sched_clock: Marking stable (636285631, 0)->(757237810, -120952179)
[    0.638878] registered taskstats version 1
[    0.639459] Loading compiled-in X.509 certificates
[    0.641785] Loaded X.509 cert 'Build time autogenerated kernel key: 979a73de01c113c656ad15d85e66cc9cfc8996b6'
[    0.643484] Loaded X.509 cert 'Canonical Ltd. Live Patch Signing: 14df34d1a87cf37625abec039ef2bf521249b969'
[    0.645890] Loaded X.509 cert 'Canonical Ltd. Kernel Module Signing: 88f752e560a1e0737e31163a466ad7b70a850c19'
[    0.647272] blacklist: Loading compiled-in revocation X.509 certificates
[    0.648162] Loaded X.509 cert 'Canonical Ltd. Secure Boot Signing: 61482aa2830d0ab2ad5af10b7250da9033ddcef0'
[    0.649556] zswap: loaded using pool lzo/zbud
[    0.652983] Key type big_key registered
[    0.653677] Key type trusted registered
[    0.655381] Key type encrypted registered
[    0.656194] AppArmor: AppArmor sha1 policy hashing enabled
[    0.656927] ima: No TPM chip found, activating TPM-bypass! (rc=-19)
[    0.657854] ima: Allocated hash algorithm: sha1
[    0.658536] evm: HMAC attrs: 0x1
[    0.659210]   Magic number: 6:910:728
[    0.659847] rtc_cmos rtc_cmos: setting system clock to 2022-09-02 10:44:32 UTC (1662115472)
[    0.661150] BIOS EDD facility v0.16 2004-Jun-25, 0 devices found
[    0.661951] EDD information not available.
[    0.802799] Freeing unused kernel image memory: 2468K
[    1.120134] Write protecting the kernel read-only data: 20480k
[    1.125304] Freeing unused kernel image memory: 2008K
[    1.127273] Freeing unused kernel image memory: 1820K
[    1.133303] x86/mm: Checked W+X mappings: passed, no W+X pages found.
[    1.134971] x86/mm: Checking user space page tables
[    1.140815] x86/mm: Checked W+X mappings: passed, no W+X pages found.
Loading, please wait...
starting version 237
[    1.193028] Fusion MPT base driver 3.04.20
[    1.194008] Copyright (c) 1999-2008 LSI Corporation
[    1.195925] e1000: Intel(R) PRO/1000 Network Driver - version 7.3.21-k8-NAPI
[    1.196981] e1000: Copyright (c) 1999-2006 Intel Corporation.
[    1.198990] Fusion MPT SPI Host driver 3.04.20
[    1.207280] mptbase: ioc0: Initiating bringup
[    1.223517] AVX2 version of gcm_enc/dec engaged.
[    1.224678] AES CTR mode by8 optimization enabled
[    1.309184] ioc0: LSI53C1030 A0: Capabilities={Initiator}
[    1.425560] input: ImExPS/2 Generic Explorer Mouse as /devices/platform/i8042/serio1/input/input4
[    1.562548] scsi host2: ioc0: LSI53C1030 A0, FwRev=00000000h, Ports=1, MaxQ=256, IRQ=20
[    1.745254] scsi 2:0:0:0: Direct-Access     VBOX     HARDDISK         1.0  PQ: 0 ANSI: 5
[    1.768049] scsi target2:0:0: Beginning Domain Validation
[    1.772857] scsi target2:0:0: Domain Validation skipping write tests
[    1.774200] scsi target2:0:0: Ending Domain Validation
[    1.775242] scsi target2:0:0: asynchronous
[    1.777416] scsi 2:0:1:0: Direct-Access     VBOX     HARDDISK         1.0  PQ: 0 ANSI: 5
[    1.944133] scsi target2:0:1: Beginning Domain Validation
[    1.947679] random: fast init done
[    1.948590] scsi target2:0:1: Domain Validation skipping write tests
[    1.949894] scsi target2:0:1: Ending Domain Validation
[    1.951241] scsi target2:0:1: asynchronous
[    1.955375] random: systemd-udevd: uninitialized urandom read (16 bytes read)
[    1.956434] random: systemd-udevd: uninitialized urandom read (16 bytes read)
[    1.957481] random: systemd-udevd: uninitialized urandom read (16 bytes read)
[    1.959171] sd 2:0:0:0: Attached scsi generic sg0 type 0
[    1.960956] sd 2:0:0:0: [sda] 83886080 512-byte logical blocks: (42.9 GB/40.0 GiB)
[    1.962140] sd 2:0:0:0: [sda] Write Protect is off
[    1.963004] sd 2:0:0:0: [sda] Incomplete mode parameter data
[    1.963801] sd 2:0:0:0: [sda] Assuming drive cache: write through
[    1.964740] sd 2:0:1:0: Attached scsi generic sg1 type 0
[    1.967321]  sda: sda1
[    1.968279] sd 2:0:1:0: [sdb] 20480 512-byte logical blocks: (10.5 MB/10.0 MiB)
[    1.969450] sd 2:0:1:0: [sdb] Write Protect is off
[    1.970367] sd 2:0:1:0: [sdb] Incomplete mode parameter data
[    1.971156] sd 2:0:1:0: [sdb] Assuming drive cache: write through
[    1.972172] sd 2:0:0:0: [sda] Attached SCSI disk
[    1.976115] sd 2:0:1:0: [sdb] Attached SCSI disk
[    2.111717] e1000 0000:00:03.0 eth0: (PCI:33MHz:32-bit) 02:77:ed:63:d5:e3
[    2.113224] e1000 0000:00:03.0 eth0: Intel(R) PRO/1000 Network Connection
[    2.618030] e1000 0000:00:08.0 eth1: (PCI:33MHz:32-bit) 08:00:27:a3:c0:a7
[    2.620896] e1000 0000:00:08.0 eth1: Intel(R) PRO/1000 Network Connection
[    2.623794] e1000 0000:00:08.0 enp0s8: renamed from eth1
[    2.644561] e1000 0000:00:03.0 enp0s3: renamed from eth0
Begin: Loading essential drivers ... [    4.456045] raid6: sse2x1   gen() 13610 MB/s
[    4.504065] raid6: sse2x1   xor() 10161 MB/s
[    4.552070] raid6: sse2x2   gen() 17216 MB/s
[    4.600064] raid6: sse2x2   xor() 11620 MB/s
[    4.648015] raid6: sse2x4   gen() 19258 MB/s
[    4.696067] raid6: sse2x4   xor() 11906 MB/s
[    4.744077] raid6: avx2x1   gen() 27236 MB/s
[    4.792134] raid6: avx2x1   xor() 18764 MB/s
[    4.840069] raid6: avx2x2   gen() 30501 MB/s
[    4.888030] raid6: avx2x2   xor() 20293 MB/s
[    4.936048] raid6: avx2x4   gen() 37707 MB/s
[    4.984073] raid6: avx2x4   xor() 21155 MB/s
[    4.985271] raid6: using algorithm avx2x4 gen() 37707 MB/s
[    4.986069] raid6: .... xor() 21155 MB/s, rmw enabled
[    4.986833] raid6: using avx2x2 recovery algorithm
[    4.988523] xor: automatically using best checksumming function   avx       
[    4.990537] async_tx: api initialized (async)
done.
Begin: Running /scripts/init-premount ... done.
Begin: Mounting root file system ... Begin: Running /scripts/local-top ... done.
Begin: Running /scripts/local-premount ... [    5.026943] Btrfs loaded, crc32c=crc32c-intel
Scanning for Btrfs filesystems
done.
Warning: fsck not present, so skipping root file system
[    5.053871] EXT4-fs (sda1): mounted filesystem with ordered data mode. Opts: (null)
done.
Begin: Running /scripts/local-bottom ... done.
Begin: Running /scripts/init-bottom ... done.
[    5.194476] ip_tables: (C) 2000-2006 Netfilter Core Team
[    5.202161] systemd[1]: systemd 237 running in system mode. (+PAM +AUDIT +SELINUX +IMA +APPARMOR +SMACK +SYSVINIT +UTMP +LIBCRYPTSETUP +GCRYPT +GNUTLS +ACL +XZ +LZ4 +SECCOMP +BLKID +ELFUTILS +KMOD -IDN2 +IDN -PCRE2 default-hierarchy=hybrid)
[    5.205473] systemd[1]: Detected virtualization oracle.
[    5.206334] systemd[1]: Detected architecture x86-64.

Welcome to [1mUbuntu 18.04.6 LTS[0m!

[    5.220793] systemd[1]: Set hostname to <ubuntu>.
[    5.224510] systemd[1]: Initializing machine ID from random generator.
[    5.225423] systemd[1]: Installed transient /etc/machine-id file.
[    5.457932] systemd[1]: Created slice System Slice.
[[0;32m  OK  [0m] Created slice System Slice.
[    5.459684] systemd[1]: Listening on Journal Socket (/dev/log).
[[0;32m  OK  [0m] Listening on Journal Socket (/dev/log).
[    5.461175] systemd[1]: Listening on udev Control Socket.
[[0;32m  OK  [0m] Listening on udev Control Socket.
[    5.462563] systemd[1]: Listening on /dev/initctl Compatibility Named Pipe.
[[0;32m  OK  [0m] Listening on /dev/initctl Compatibility Named Pipe.
[[0;32m  OK  [0m] Created slice system-serial\x2dgetty.slice.
[[0;32m  OK  [0m] Listening on udev Kernel Socket.
[[0;32m  OK  [0m] Listening on Journal Audit Socket.
[[0;32m  OK  [0m] Created slice User and Session Slice.
[[0;32m  OK  [0m] Listening on LVM2 metadata daemon socket.
[[0;32m  OK  [0m] Reached target User and Group Name Lookups.
[[0;32m  OK  [0m] Reached target Slices.
[[0;32m  OK  [0m] Started Forward Password Requests to Wall Directory Watch.
[[0;32m  OK  [0m] Listening on fsck to fsckd communication Socket.
[[0;32m  OK  [0m] Listening on Journal Socket.
         Starting Create list of required st…ce nodes for the current kernel...
         Mounting Huge Pages File System...
         Starting Uncomplicated firewall...
         Starting udev Coldplug all Devices...
         Mounting Kernel Debug File System...
         Starting Set the console keyboard layout...
[[0;32m  OK  [0m] Listening on Syslog Socket.
         Starting Journal Service...
         Mounting POSIX Message Queue File System...
[[0;32m  OK  [0m] Reached target System Time Synchronized.
         Starting File System Check on Root Device...
[[0;32m  OK  [0m] Reached target Swap.
[[0;32m  OK  [0m] Listening on Device-mapper event daemon FIFOs.
         Starting Monitoring of LVM2 mirrors…ng dmeventd or progress polling...
         Starting Load Kernel Modules...
[[0;32m  OK  [0m] Listening on Network Service Netlink Socket.
[[0;32m  OK  [0m] Set up automount Arbitrary Executab…rmats File System Automount Point.
[    5.682833] Loading iSCSI transport class v2.0-870.
[    5.688768] iscsi: registered transport (tcp)
[[0;32m  OK  [0m] Listening on LVM2 poll daemon socket.
[[0;32m  OK  [0m] Started Journal Service.
[[0;32m  OK  [0m] Started Create list of required sta…vice nodes for the current kernel.
[    5.714840] iscsi: registered transport (iser)
[[0;32m  OK  [0m] Mounted Huge Pages File System.
[[0;32m  OK  [0m] Started Uncomplicated firewall.
[[0;32m  OK  [0m] Mounted Kernel Debug File System.
[[0;32m  OK  [0m] Mounted POSIX Message Queue File System.
[[0;32m  OK  [0m] Started File System Check on Root Device.
[[0;32m  OK  [0m] Started Load Kernel Modules.
[[0;32m  OK  [0m] Started udev Coldplug all Devices.
[[0;32m  OK  [0m] Started File System Check Daemon to report status.
[[0;32m  OK  [0m] Started LVM2 metadata daemon.
         Starting Apply Kernel Variables...
         Mounting FUSE Control File System...
         Mounting Kernel Configuration File System...
         Starting Remount Root and Kernel File Systems...
         Starting Create Static Device Nodes in /dev...
[[0;32m  OK  [0m] Mounted FUSE Control File System.
[[0;32m  OK  [0m] Mounted Kernel Configuration File System.
[[0;32m  OK  [0m] Started Create Static Device Nodes in /dev.
[[0;32m  OK  [0m] Started Apply Kernel Variables.
[[0;32m  OK  [0m] Started Remount Root and Kernel File Systems.
         Starting udev Kernel Device Manager...
         Starting Flush Journal to Persistent Storage...
         Starting Load/Save Random Seed...
[[0;32m  OK  [0m] Started Monitoring of LVM2 mirrors,…sing dmeventd or progress polling.
[[0;32m  OK  [0m] Started udev Kernel Device Manager.
[[0;32m  OK  [0m] Started Load/Save Random Seed.
[[0;32m  OK  [0m] Started Flush Journal to Persistent Storage.
[[0;32m  OK  [0m] Found device /dev/ttyS0.
[[0;32m  OK  [0m] Listening on Load/Save RF Kill Switch Status /dev/rfkill Watch.
[[0;32m  OK  [0m] Started Set the console keyboard layout.
[[0;32m  OK  [0m] Reached target Local File Systems (Pre).
[[0;32m  OK  [0m] Reached target Local File Systems.
         Starting Tell Plymouth To Write Out Runtime Data...
         Starting Set console font and keymap...
         Starting Create Volatile Files and Directories...
         Starting AppArmor initialization...
         Starting Commit a transient machine-id on disk...
         Starting ebtables ruleset management...
[[0;32m  OK  [0m] Started Dispatch Password Requests to Console Directory Watch.
[[0;32m  OK  [0m] Reached target Local Encrypted Volumes.
[[0;32m  OK  [0m] Started Tell Plymouth To Write Out Runtime Data.
[[0;32m  OK  [0m] Started Create Volatile Files and Directories.
         Starting Update UTMP about System Boot/Shutdown...
[[0;32m  OK  [0m] Started Update UTMP about System Boot/Shutdown.
[[0;32m  OK  [0m] Started Commit a transient machine-id on disk.
[[0;32m  OK  [0m] Started ebtables ruleset management.
[[0;32m  OK  [0m] Started AppArmor initialization.
         Starting Load AppArmor profiles managed internally by snapd...
         Starting Initial cloud-init job (pre-networking)...
[[0;32m  OK  [0m] Started Load AppArmor profiles managed internally by snapd.
[[0;32m  OK  [0m] Started Set console font and keymap.
[    8.186852] cloud-init[871]: Cloud-init v. 22.2-0ubuntu1~18.04.2 running 'init-local' at Fri, 02 Sep 2022 10:44:39 +0000. Up 7.91 seconds.
[[0;32m  OK  [0m] Started Initial cloud-init job (pre-networking).
[[0;32m  OK  [0m] Reached target Network (Pre).
         Starting Network Service...
[[0;32m  OK  [0m] Started Network Service.
         Starting Network Name Resolution...
         Starting Wait for Network to be Configured...
[[0;32m  OK  [0m] Started Network Name Resolution.
[[0;32m  OK  [0m] Reached target Network.
[[0;32m  OK  [0m] Reached target Host and Network Name Lookups.
[[0;32m  OK  [0m] Started Wait for Network to be Configured.
         Starting Initial cloud-init job (metadata service crawler)...
[   10.238678] cloud-init[1024]: Cloud-init v. 22.2-0ubuntu1~18.04.2 running 'init' at Fri, 02 Sep 2022 10:44:41 +0000. Up 10.13 seconds.
[   10.248148] cloud-init[1024]: ci-info: ++++++++++++++++++++++++++++++++++++++Net device info+++++++++++++++++++++++++++++++++++++++
[   10.248949] cloud-init[1024]: ci-info: +--------+-------+----------------------------+---------------+--------+-------------------+
[   10.249889] cloud-init[1024]: ci-info: | Device |   Up  |          Address           |      Mask     | Scope  |     Hw-Address    |
[   10.251098] cloud-init[1024]: ci-info: +--------+-------+----------------------------+---------------+--------+-------------------+
[   10.252333] cloud-init[1024]: ci-info: | enp0s3 |  True |         10.0.2.15          | 255.255.255.0 | global | 02:77:ed:63:d5:e3 |
[   10.253466] cloud-init[1024]: ci-info: | enp0s3 |  True | fe80::77:edff:fe63:d5e3/64 |       .       |  link  | 02:77:ed:63:d5:e3 |
[   10.254653] cloud-init[1024]: ci-info: | enp0s8 | False |             .              |       .       |   .    | 08:00:27:a3:c0:a7 |
[   10.255814] cloud-init[1024]: ci-info: |   lo   |  True |         127.0.0.1          |   255.0.0.0   |  host  |         .         |
[   10.256854] cloud-init[1024]: ci-info: |   lo   |  True |          ::1/128           |       .       |  host  |         .         |
[   10.258042] cloud-init[1024]: ci-info: +--------+-------+----------------------------+---------------+--------+-------------------+
[   10.259216] cloud-init[1024]: ci-info: ++++++++++++++++++++++++++++Route IPv4 info+++++++++++++++++++++++++++++
[   10.260205] cloud-init[1024]: ci-info: +-------+-------------+----------+-----------------+-----------+-------+
[   10.261192] cloud-init[1024]: ci-info: | Route | Destination | Gateway  |     Genmask     | Interface | Flags |
[   10.262220] cloud-init[1024]: ci-info: +-------+-------------+----------+-----------------+-----------+-------+
[   10.263140] cloud-init[1024]: ci-info: |   0   |   0.0.0.0   | 10.0.2.2 |     0.0.0.0     |   enp0s3  |   UG  |
[   10.264132] cloud-init[1024]: ci-info: |   1   |   10.0.2.0  | 0.0.0.0  |  255.255.255.0  |   enp0s3  |   U   |
[   10.265099] cloud-init[1024]: ci-info: |   2   |   10.0.2.2  | 0.0.0.0  | 255.255.255.255 |   enp0s3  |   UH  |
[   10.266124] cloud-init[1024]: ci-info: +-------+-------------+----------+-----------------+-----------+-------+
[   10.267111] cloud-init[1024]: ci-info: +++++++++++++++++++Route IPv6 info+++++++++++++++++++
[   10.267986] cloud-init[1024]: ci-info: +-------+-------------+---------+-----------+-------+
[   10.269037] cloud-init[1024]: ci-info: | Route | Destination | Gateway | Interface | Flags |
[   10.269897] cloud-init[1024]: ci-info: +-------+-------------+---------+-----------+-------+
[   10.270787] cloud-init[1024]: ci-info: |   1   |  fe80::/64  |    ::   |   enp0s3  |   U   |
[   10.271620] cloud-init[1024]: ci-info: |   3   |    local    |    ::   |   enp0s3  |   U   |
[   10.272449] cloud-init[1024]: ci-info: |   4   |   ff00::/8  |    ::   |   enp0s3  |   U   |
[   10.273285] cloud-init[1024]: ci-info: +-------+-------------+---------+-----------+-------+
[   10.989690] cloud-init[1024]: Generating public/private rsa key pair.
[   11.000322] cloud-init[1024]: Your identification has been saved in /etc/ssh/ssh_host_rsa_key.
[   11.001171] cloud-init[1024]: Your public key has been saved in /etc/ssh/ssh_host_rsa_key.pub.
[   11.001826] cloud-init[1024]: The key fingerprint is:
[   11.012378] cloud-init[1024]: SHA256:KPLdHfOEu5pKTSropLaqwr1UjmYCD18IcRcRd1xc0ys root@ubuntu-bionic
[   11.013223] cloud-init[1024]: The key's randomart image is:
[   11.024249] cloud-init[1024]: +---[RSA 2048]----+
[[0;32m  OK  [0m] Started Initial cloud-init job (metadata service crawler).
[   11.040727] cloud-init[1024]: |. . =+...o..o.   |
[[0;32m  OK  [0m] Reached target Network is Online.
[   11.056511] cloud-init[1024]: | o . . .. .  ..  |
[[0;32m  OK  [0m] Reached target Remote File Systems (Pre).
[[0;32m  OK  [0m] Reached target Remote File Systems.
[   11.083832] cloud-init[1024]: |.              . |
         Starting Availability of block devices...
[[0;32m  OK  [0m] Reached target Cloud-config availability.
[[   11.108665] [0;32m  OK  [0m] Reached target System Initialization.cloud-init
[1024]: | . .   .   .E .  |
[[0;32m  OK  [0m] Listening on cloud-init hotplug hook socket.
[   11.136620] cloud-init[1024]: |o o o.. S + ..   |
[   11.149194] cloud-init[1024]: |.+ =+o = . *     |
         Starting Socket activation for snappy daemon.
[   11.150425] cloud-init[1024]: |..*=o.+ o o .    |
[[0;32m  OK  [0m] Started Message of the Day.
[   11.176965] [[0;32m  OK  [0m] Listening on D-Bus System Message Bus Socket.
[[0;32m  OK  [0m] Started Trigger to poll for Ubuntu …(Only enabled on GCP LTS non-pro).
[[0;32m  OK  [0m] Started Daily apt download activities.
[[0;32m  OK  [0m] Started Ubuntu Advantage Timer for running repeated jobs.
[[0;32m  OK  [0m] Started Daily Cleanup of Temporary Directories.
cloud-init         Starting LXD - unix socket.
[1024]: |.*=. o   . .     |
[[0;32m  OK  [0m] Started ACPI Events Check.
[[0;32m  OK  [0m] Reached target Paths.
[[0;32m  OK  [0m] Started Discard unused blocks once a week.
[   11.182432] cloud-init[1024]: |O.o.. ..o..      |
[[0;32m  OK  [0m] Started Daily apt upgrade and clean activities.
[   11.183908] [[0;32m  OK  [0m] Reached target Timers.
[[0;32m  OK  [0m] Listening on Open-iSCSI iscsid Socket.
[[0;32m  OK  [0m] Listening on UUID daemon activation socket.
cloud-init[1024]: +----[SHA256]-----+
[[0;32m  OK  [0m] Listening on ACPID Listen Socket.
[   11.187560] cloud-init[1024]: Generating public/private dsa key pair.
[[0;32m  OK  [0m] Started Availability of block devices.
[   11.213212] cloud-init[[0;32m  OK  [0m] Listening on Socket activation for snappy daemon.
[[0;32m  OK  [0m] Listening on LXD - unix socket.
[[0;32m  OK  [0m] Reached target Sockets.
[[0;32m  OK  [0m] Reached target Basic System.
[1024]: Your identification has been saved in /etc/ssh/ssh_host_dsa_key.         Starting Permit User Sessions...
         Starting Virtualbox guest utils...
[[0;32m  OK  [0m] Started FUSE filesystem for LXC.
         Starting Accounts Service...
         Starting LXD - container startup/shutdown...
         Starting Login Service...

[   11.236148] cloud-init[1024]: Your public key has been saved in /etc/ssh/ssh_host_dsa_key.pub.
[   11.248390] cloud-init[1024]: The key fingerprint is:
[   11.260229] cloud-init[1024]: SHA256:VY5qqTwseiQZOmaBmZ6CKLKbAVkNKvjEgffcIU1wDRQ root@ubuntu-bionic
[   11.260909] cloud-init[1024]: The key's randomart image is:
[   11.276133] cloud-init[1024]: +---[DSA 1024]----+
[   11.288242] cloud-init[1024]: | .o .=E+    .    |
[   11.300413] cloud-init[1024]: |oo.+..o .  +     |
[[0;32m  OK  [0m] Started Regular background program processing daemon.
[   11.312241] cloud-init[1024]: |=++o.o .  o .    |
[   11.336132]          Starting LSB: automatic crash report generation...
cloud-init[1024]: |=*. o .  +       |
[   11.353227] cloud-init[1024]: |*.+o    S        |
[   11.353919] cloud-init[1024]: |X=o .o o         |
[   11.364554] cloud-init[1024]: |Bo o. =          |
[   11.365203] cloud-init[1024]: |.o ... .         |
[   11.365698] cloud-init[1024]: |o...             |
         Starting Dispatcher daemon for systemd-networkd...
[[0;32m  OK  [0m] Started D-Bus System Message Bus.
[   11.382776] cloud-init[1024]: +----[SHA256]-----+
[   11.404240] cloud-init[1024]: Generating public/private ecdsa key pair.
[[0;32m  OK  [0m] Started Login Service.
[   11.422398] cloud-init[1024]: Your identification has been saved in /etc/ssh/ssh_host_ecdsa_key.
[   11.423805] cloud-init[1024]: Your public key has been saved in /etc/ssh/ssh_host_ecdsa_key.pub.
[   11.424927] cloud-init[1024]: The key fingerprint is:
[   11.425564] cloud-init[1024]: SHA256:tDthboSbZnpi+t+rp8mcDQfmVxd1QXVhLC4vacPpgcs root@ubuntu-bionic
[   11.426586] cloud-init[1024]: The key's randomart image is:
         Starting System Logging Service...
[   11.427206] cloud-init[1024]: +---[ECDSA 256]---+
[   11.428322] cloud-init[1024]: |              +=B|
[   11.428934] cloud-init[1024]: |             o.o.|
[   11.429765] cloud-init[1024]: |        .   o .  |
[   11.430507] cloud-init[1024]: |       o . . o   |
[   11.431178] cloud-init[1024]: |      + S + *    |
[   11.431959] cloud-init[1024]: |     o B = X .   |
[   11.433337] cloud-init[1024]: |      B O + +    |
[   11.434069] cloud-init[1024]: |    o*.X.E .     |
[   11.434795] cloud-init[1024]: |  .+o+O++.       |
[   11.444127] cloud-init[1024]: +----[SHA256]-----+
[   11.460828] [cloud-init[0;32m  OK  [0m[1024]: ] Generating public/private ed25519 key pair.Started irqbalance daemon.

[   11.472511]          cloud-initStarting Pollinate to seed the pseudo random number generator...[1024]: 
Your identification has been saved in /etc/ssh/ssh_host_ed25519_key.
[   11.475116] [cloud-init[0;32m  OK  [0m[1024]: ] Started Unattended Upgrades Shutdown.Your public key has been saved in /etc/ssh/ssh_host_ed25519_key.pub.

[[0;32m  OK  [0m] Started Deferred execution scheduler.
[   11.476113] cloud-init[1024]: The key fingerprint is:
         Starting LSB: Record successful boot for GRUB...
[   11.477284] cloud-init[1024]: SHA256:fOoOmlv1L+4q6VV8QvhMFVVnyzO+yAFFUKY33u67gYI root@ubuntu-bionic
[   11.479490] cloud-init[1024]: The key's randomart image is:
[   11.480367] cloud-init[1024]: +--[ED25519 256]--+
[   11.480996] cloud-init[1024]: |           .*B..+|
[   11.481637] cloud-init[1024]: |         . .+ ..o|
[   11.482214] cloud-init[1024]: |        . oo o = |
[   11.482876] cloud-init[1024]: |       . *  + + o|
[   11.483511] cloud-init[1024]: |        S B .o o |
[   11.484175] cloud-init[1024]: |       . =.o. = .|
[   11.485239] cloud-init[1024]: |      o.oE.. + + |
[   11.485892] cloud-init[1024]: |     +o+  ... . .|
[   11.486994] cloud-init[1024]: |    +o.o++o..  +o|
[   11.487729] cloud-init[1024]: +----[SHA256]-----+
         Starting Snap Daemon...
[[0;32m  OK  [0m] Started System Logging Service.
[[0;32m  OK  [0m] Started Permit User Sessions.
[[0;32m  OK  [0m] Started LXD - container startup/shutdown.
         Starting Authorization Manager...
         Starting Terminate Plymouth Boot Screen...
         Starting Hold until boot process finishes up...
[[0;32m  OK  [0m] Started Hold until boot process finishes up.
[[0;32m  OK  [0m] Started LSB: automatic crash report generation.
[[0;32m  OK  [0m] Started Terminate Plymouth Boot Screen.
         Starting Set console scheme...
[[0;32m  OK  [0m] Started Serial Getty on ttyS0.
[[0;32m  OK  [0m] Started Set console scheme.
[[0;32m  OK  [0m] Created slice system-getty.slice.
[[0;32m  OK  [0m] Started Getty on tty1.
[[0;32m  OK  [0m] Reached target Login Prompts.
[[0;32m  OK  [0m] Started Dispatcher daemon for systemd-networkd.
[[0;32m  OK  [0m] Started Authorization Manager.
[[0;32m  OK  [0m] Started Accounts Service.
[[0;32m  OK  [0m] Started LSB: Record successful boot for GRUB.
[[0;32m  OK  [0m] Started Virtualbox guest utils.
[[0;32m  OK  [0m] Started Snap Daemon.
         Starting Wait until snapd is fully seeded...
[[0;32m  OK  [0m] Started Pollinate to seed the pseudo random number generator.
         Starting OpenBSD Secure Shell server...
[[0;32m  OK  [0m] Started OpenBSD Secure Shell server.
[[0;32m  OK  [0m] Created slice User Slice of vagrant.
         Starting User Manager for UID 1000...
[[0;32m  OK  [0m] Started Session 1 of user vagrant.
         Starting Time & Date Service...
[[0;32m  OK  [0m] Started User Manager for UID 1000.
[[0;32m  OK  [0m] Started Time & Date Service.
[[0;32m  OK  [0m] Started Wait until snapd is fully seeded.
         Starting Apply the settings specified in cloud-config...
[[0;32m  OK  [0m] Reached target Multi-User System.
[[0;32m  OK  [0m] Reached target Graphical Interface.
         Starting Update UTMP about System Runlevel Changes...
[[0;32m  OK  [0m] Started Update UTMP about System Runlevel Changes.
[   14.180984] cloud-init[1675]: Cloud-init v. 22.2-0ubuntu1~18.04.2 running 'modules:config' at Fri, 02 Sep 2022 10:44:45 +0000. Up 13.76 seconds.
[[0;32m  OK  [0m] Started Apply the settings specified in cloud-config.
         Starting Execute cloud user/final scripts...
ci-info: no authorized SSH keys fingerprints found for user ubuntu.
<14>Sep  2 10:44:46 cloud-init: #############################################################
<14>Sep  2 10:44:46 cloud-init: -----BEGIN SSH HOST KEY FINGERPRINTS-----
<14>Sep  2 10:44:46 cloud-init: 1024 SHA256:VY5qqTwseiQZOmaBmZ6CKLKbAVkNKvjEgffcIU1wDRQ root@ubuntu-bionic (DSA)
<14>Sep  2 10:44:46 cloud-init: 256 SHA256:tDthboSbZnpi+t+rp8mcDQfmVxd1QXVhLC4vacPpgcs root@ubuntu-bionic (ECDSA)
<14>Sep  2 10:44:46 cloud-init: 256 SHA256:fOoOmlv1L+4q6VV8QvhMFVVnyzO+yAFFUKY33u67gYI root@ubuntu-bionic (ED25519)
<14>Sep  2 10:44:46 cloud-init: 2048 SHA256:KPLdHfOEu5pKTSropLaqwr1UjmYCD18IcRcRd1xc0ys root@ubuntu-bionic (RSA)
<14>Sep  2 10:44:46 cloud-init: -----END SSH HOST KEY FINGERPRINTS-----
<14>Sep  2 10:44:46 cloud-init: #############################################################
-----BEGIN SSH HOST KEY KEYS-----
ecdsa-sha2-nistp256 AAAAE2VjZHNhLXNoYTItbmlzdHAyNTYAAAAIbmlzdHAyNTYAAABBBJJWIeDOeCxzuxgOJ+xNeFmjCfGZV9Ihe436zwFYo6Fq/i2oSO1uQ9o1ChY2r7uPiO9QNRKt2d8OQsVjqeJD1UY= root@ubuntu-bionic
ssh-ed25519 AAAAC3NzaC1lZDI1NTE5AAAAINtXy10pneH3sCxZxZqO6pCp6I8o+QevfCew5cTsmkTV root@ubuntu-bionic
ssh-rsa AAAAB3NzaC1yc2EAAAADAQABAAABAQC2O/ZzXrsnjl/mXPac5svxy7CPuGiuZcAu4xzXMtdtq2acT/NzqKImCwFtmjYrqCryVBiFCjK2h3a6u9VCXqRiNrg4GBv5EGZ0UEGKmReOT0u1n6K9nQOXQC5XXAgNd9Zoy21evn8Ik7Fj5gCi6FcCjZE8i5VBTrKKo+pFNjSLI0aYFvUqZ72Bs12+FKtFPyiw0poSNFTt7fDnIcuRsn3weuvZNcFDgsszvmuFeeFuRlIDxs1KJGxszrLZ1bEXmO94yQCqdt1RI2AdHpGUOaohV2j8ixI6YQjB0paQtEXy/1jOAXLKMj64HukMgDhnwRF/I6PCvDlL24lF3pZo6Upp root@ubuntu-bionic
-----END SSH HOST KEY KEYS-----
[   14.674392] cloud-init[1779]: Cloud-init v. 22.2-0ubuntu1~18.04.2 running 'modules:final' at Fri, 02 Sep 2022 10:44:46 +0000. Up 14.52 seconds.
[   14.684178] cloud-init[1779]: Cloud-init v. 22.2-0ubuntu1~18.04.2 finished at Fri, 02 Sep 2022 10:44:46 +0000. Datasource DataSourceNoCloud [seed=/dev/sdb][dsmode=net].  Up 14.66 seconds
[[0;32m  OK  [0m] Started Execute cloud user/final scripts.
[[0;32m  OK  [0m] Reached target Cloud-init target.

Ubuntu 18.04.6 LTS ubuntu-bionic ttyS0

ubuntu-bionic login: 